<?xml version="1.0" encoding="UTF-8"?>
<!-- Generated by org.testng.reporters.JUnitReportReporter -->
<testsuite hostname="DESKTOP-C78E872" failures="0" tests="1" name="openBrowser.open" time="30.941" errors="0" timestamp="2021-04-27T18:43:02 ICT" skipped="0">
  <testcase classname="openBrowser.open" name="check" time="30.941"/>
  <system-out/>
</testsuite> <!-- openBrowser.open -->
