<?xml version="1.0" encoding="UTF-8"?>
<!-- Generated by org.testng.reporters.JUnitReportReporter -->
<testsuite skipped="0" hostname="HP" name="openBrowser.open" tests="1" failures="0" timestamp="29 thg 3 2021 14:24:50 GMT" time="36.543" errors="0">
  <testcase name="check" time="36.543" classname="openBrowser.open"/>
</testsuite> <!-- openBrowser.open -->
