<?xml version="1.0" encoding="UTF-8"?>
<!-- Generated by org.testng.reporters.JUnitReportReporter -->
<testsuite skipped="0" hostname="HP" name="openBrowser.open" tests="1" failures="0" timestamp="28 thg 3 2021 11:08:47 GMT" time="10.759" errors="0">
  <testcase name="check" time="10.759" classname="openBrowser.open"/>
</testsuite> <!-- openBrowser.open -->
